<?xml version="1.0" encoding="UTF-8"?>
<!-- Generated by org.testng.reporters.JUnitReportReporter -->
<testsuite skipped="0" hostname="LAPTOP-NA1QN9AN" name="testrunners.Deleting_Stocks" tests="1" failures="0" timestamp="14 Jul 2022 09:04:31 GMT" time="46.101" errors="0">
  <testcase name="feature" time="46.101" classname="testrunners.Deleting_Stocks"/>
</testsuite> <!-- testrunners.Deleting_Stocks -->
