<?xml version="1.0" encoding="UTF-8"?>
<!-- Generated by org.testng.reporters.JUnitReportReporter -->
<testsuite skipped="0" hostname="LAPTOP-NA1QN9AN" name="testrunners.Adding_Stocks" tests="1" failures="0" timestamp="14 Jul 2022 09:02:25 GMT" time="150.572" errors="0">
  <testcase name="feature" time="150.572" classname="testrunners.Adding_Stocks"/>
</testsuite> <!-- testrunners.Adding_Stocks -->
